<?xml version="1.0" encoding="UTF-8"?>
<coverage generated="1669148655373" clover="3.2.0">
  <project timestamp="1669148655373" name="All files">
    <metrics statements="30" coveredstatements="26" conditionals="0" coveredconditionals="0" methods="17" coveredmethods="13" elements="47" coveredelements="39" complexity="0" loc="30" ncloc="30" packages="1" files="3" classes="3"/>
    <file name="notesClient.js" path="/Users/kayleighwatts/Projects/javascript_web_apps/notes-app/src/notesClient.js">
      <metrics statements="4" coveredstatements="4" conditionals="0" coveredconditionals="0" methods="3" coveredmethods="3"/>
      <line num="3" count="1" type="stmt"/>
      <line num="4" count="1" type="stmt"/>
      <line num="6" count="1" type="stmt"/>
      <line num="11" count="1" type="stmt"/>
    </file>
    <file name="notesModel.js" path="/Users/kayleighwatts/Projects/javascript_web_apps/notes-app/src/notesModel.js">
      <metrics statements="6" coveredstatements="5" conditionals="0" coveredconditionals="0" methods="6" coveredmethods="4"/>
      <line num="3" count="6" type="stmt"/>
      <line num="7" count="7" type="stmt"/>
      <line num="11" count="9" type="stmt"/>
      <line num="15" count="1" type="stmt"/>
      <line num="19" count="0" type="stmt"/>
      <line num="23" count="2" type="stmt"/>
    </file>
    <file name="notesView.js" path="/Users/kayleighwatts/Projects/javascript_web_apps/notes-app/src/notesView.js">
      <metrics statements="20" coveredstatements="17" conditionals="0" coveredconditionals="0" methods="8" coveredmethods="6"/>
      <line num="3" count="3" type="stmt"/>
      <line num="4" count="3" type="stmt"/>
      <line num="5" count="3" type="stmt"/>
      <line num="7" count="3" type="stmt"/>
      <line num="8" count="1" type="stmt"/>
      <line num="9" count="1" type="stmt"/>
      <line num="15" count="4" type="stmt"/>
      <line num="17" count="4" type="stmt"/>
      <line num="20" count="4" type="stmt"/>
      <line num="21" count="7" type="stmt"/>
      <line num="22" count="7" type="stmt"/>
      <line num="23" count="7" type="stmt"/>
      <line num="24" count="7" type="stmt"/>
      <line num="29" count="1" type="stmt"/>
      <line num="30" count="1" type="stmt"/>
      <line num="31" count="1" type="stmt"/>
      <line num="35" count="0" type="stmt"/>
      <line num="36" count="0" type="stmt"/>
      <line num="37" count="0" type="stmt"/>
      <line num="46" count="1" type="stmt"/>
    </file>
  </project>
</coverage>
